android/app/build/intermediates/manifest_merge_blame_file/debug/manifest-merger-blame-debug-report.txt
1<?xml version="1.0" encoding="utf-8"?>
2<manifest xmlns:android="http://schemas.android.com/apk/res/android"
3    package="com.example.kfa_project"
4    android:versionCode="1"
5    android:versionName="1.0.0" >
6
7    <uses-sdk
8        android:minSdkVersion="21"
9        android:targetSdkVersion="34" />
10    <!--
11         The INTERNET permission is required for development. Specifically,
12         the Flutter tool needs it to communicate with the running application
13         to allow setting breakpoints, to provide hot reload, etc.
14    -->
15    <uses-permission android:name="android.permission.INTERNET" />
15-->src/debug/AndroidManifest.xml:6:5-66
15-->src/debug/AndroidManifest.xml:6:22-64
16
17    <queries>
17-->src/main/AndroidManifest.xml:33:5-38:15
18        <intent>
18-->src/main/AndroidManifest.xml:34:9-37:18
19            <action android:name="android.intent.action.PROCESS_TEXT" />
19-->src/main/AndroidManifest.xml:35:13-72
19-->src/main/AndroidManifest.xml:35:21-70
20
21            <data android:mimeType="text/plain" />
21-->src/main/AndroidManifest.xml:36:13-50
21-->src/main/AndroidManifest.xml:36:19-48
22        </intent>
23        <!-- Needs to be explicitly declared on Android R+ -->
24        <package android:name="com.google.android.apps.maps" />
24-->[com.google.android.gms:play-services-maps:18.2.0] AndroidManifest.xml:33:9-64
24-->[com.google.android.gms:play-services-maps:18.2.0] AndroidManifest.xml:33:18-61
25    </queries>
26
27    <uses-permission android:name="android.permission.ACCESS_NETWORK_STATE" />
27-->[:connectivity_plus] AndroidManifest.xml:9:5-79
27-->[:connectivity_plus] AndroidManifest.xml:9:22-76
28
29    <uses-feature
29-->[com.google.android.gms:play-services-maps:18.2.0] AndroidManifest.xml:26:5-28:35
30        android:glEsVersion="0x00020000"
30-->[com.google.android.gms:play-services-maps:18.2.0] AndroidManifest.xml:27:9-41
31        android:required="true" />
31-->[com.google.android.gms:play-services-maps:18.2.0] AndroidManifest.xml:28:9-32
32
33    <permission
33-->[androidx.core:core:1.13.0] AndroidManifest.xml:22:5-24:47
34        android:name="com.example.kfa_project.DYNAMIC_RECEIVER_NOT_EXPORTED_PERMISSION"
34-->[androidx.core:core:1.13.0] AndroidManifest.xml:23:9-81
35        android:protectionLevel="signature" />
35-->[androidx.core:core:1.13.0] AndroidManifest.xml:24:9-44
36
37    <uses-permission android:name="com.example.kfa_project.DYNAMIC_RECEIVER_NOT_EXPORTED_PERMISSION" />
37-->[androidx.core:core:1.13.0] AndroidManifest.xml:26:5-97
37-->[androidx.core:core:1.13.0] AndroidManifest.xml:26:22-94
38
39    <application
39-->src/main/AndroidManifest.xml:4:5-31:19
40        android:appComponentFactory="androidx.core.app.CoreComponentFactory"
40-->[androidx.core:core:1.13.0] AndroidManifest.xml:28:18-86
41        android:debuggable="true"
42        android:icon="@mipmap/ic_launcher"
42-->src/main/AndroidManifest.xml:6:9-43
43        android:label="kfa_mobile_nu" >
43-->src/main/AndroidManifest.xml:5:9-38
44        <activity
44-->src/main/AndroidManifest.xml:8:9-26:20
45            android:name="com.example.kfa_project.MainActivity"
45-->src/main/AndroidManifest.xml:9:13-41
46            android:configChanges="orientation|keyboardHidden|keyboard|screenSize|smallestScreenSize|locale|layoutDirection|fontScale|screenLayout|density|uiMode"
46-->src/main/AndroidManifest.xml:14:13-163
47            android:exported="true"
47-->src/main/AndroidManifest.xml:10:13-36
48            android:hardwareAccelerated="true"
48-->src/main/AndroidManifest.xml:15:13-47
49            android:launchMode="singleTop"
49-->src/main/AndroidManifest.xml:11:13-43
50            android:taskAffinity=""
50-->src/main/AndroidManifest.xml:12:13-36
51            android:theme="@style/LaunchTheme"
51-->src/main/AndroidManifest.xml:13:13-47
52            android:windowSoftInputMode="adjustResize" >
52-->src/main/AndroidManifest.xml:16:13-55
53            <meta-data
53-->src/main/AndroidManifest.xml:18:13-20:56
54                android:name="io.flutter.embedding.android.NormalTheme"
54-->src/main/AndroidManifest.xml:19:17-72
55                android:resource="@style/NormalTheme" />
55-->src/main/AndroidManifest.xml:20:17-54
56
57            <intent-filter>
57-->src/main/AndroidManifest.xml:22:13-25:29
58                <action android:name="android.intent.action.MAIN" />
58-->src/main/AndroidManifest.xml:23:17-68
58-->src/main/AndroidManifest.xml:23:25-66
59
60                <category android:name="android.intent.category.LAUNCHER" />
60-->src/main/AndroidManifest.xml:24:17-76
60-->src/main/AndroidManifest.xml:24:27-74
61            </intent-filter>
62        </activity>
63
64        <meta-data
64-->src/main/AndroidManifest.xml:28:9-30:32
65            android:name="flutterEmbedding"
65-->src/main/AndroidManifest.xml:29:13-44
66            android:value="2" />
66-->src/main/AndroidManifest.xml:30:13-30
67
68        <service
68-->[:firebase_core] AndroidManifest.xml:10:9-14:19
69            android:name="com.google.firebase.components.ComponentDiscoveryService"
69-->[:firebase_core] AndroidManifest.xml:10:18-89
70            android:directBootAware="true"
70-->[com.google.firebase:firebase-common:21.0.0] AndroidManifest.xml:32:13-43
71            android:exported="false" >
71-->[com.google.firebase:firebase-common:21.0.0] AndroidManifest.xml:33:13-37
72            <meta-data
72-->[:firebase_core] AndroidManifest.xml:11:13-13:85
73                android:name="com.google.firebase.components:io.flutter.plugins.firebase.core.FlutterFirebaseCoreRegistrar"
73-->[:firebase_core] AndroidManifest.xml:12:17-124
74                android:value="com.google.firebase.components.ComponentRegistrar" />
74-->[:firebase_core] AndroidManifest.xml:13:17-82
75            <meta-data
75-->[com.google.firebase:firebase-common:21.0.0] AndroidManifest.xml:35:13-37:85
76                android:name="com.google.firebase.components:com.google.firebase.FirebaseCommonKtxRegistrar"
76-->[com.google.firebase:firebase-common:21.0.0] AndroidManifest.xml:36:17-109
77                android:value="com.google.firebase.components.ComponentRegistrar" />
77-->[com.google.firebase:firebase-common:21.0.0] AndroidManifest.xml:37:17-82
78        </service>
79        <service
79-->[:geolocator_android] AndroidManifest.xml:10:9-14:56
80            android:name="com.baseflow.geolocator.GeolocatorLocationService"
80-->[:geolocator_android] AndroidManifest.xml:11:13-77
81            android:enabled="true"
81-->[:geolocator_android] AndroidManifest.xml:12:13-35
82            android:exported="false"
82-->[:geolocator_android] AndroidManifest.xml:13:13-37
83            android:foregroundServiceType="location" />
83-->[:geolocator_android] AndroidManifest.xml:14:13-53
84
85        <activity
85-->[:url_launcher_android] AndroidManifest.xml:10:9-13:74
86            android:name="io.flutter.plugins.urllauncher.WebViewActivity"
86-->[:url_launcher_android] AndroidManifest.xml:11:13-74
87            android:exported="false"
87-->[:url_launcher_android] AndroidManifest.xml:12:13-37
88            android:theme="@android:style/Theme.NoTitleBar.Fullscreen" />
88-->[:url_launcher_android] AndroidManifest.xml:13:13-71
89
90        <uses-library
90-->[androidx.window:window:1.0.0-beta04] AndroidManifest.xml:25:9-27:40
91            android:name="androidx.window.extensions"
91-->[androidx.window:window:1.0.0-beta04] AndroidManifest.xml:26:13-54
92            android:required="false" />
92-->[androidx.window:window:1.0.0-beta04] AndroidManifest.xml:27:13-37
93        <uses-library
93-->[androidx.window:window:1.0.0-beta04] AndroidManifest.xml:28:9-30:40
94            android:name="androidx.window.sidecar"
94-->[androidx.window:window:1.0.0-beta04] AndroidManifest.xml:29:13-51
95            android:required="false" />
95-->[androidx.window:window:1.0.0-beta04] AndroidManifest.xml:30:13-37
96
97        <provider
97-->[com.google.firebase:firebase-common:21.0.0] AndroidManifest.xml:23:9-28:39
98            android:name="com.google.firebase.provider.FirebaseInitProvider"
98-->[com.google.firebase:firebase-common:21.0.0] AndroidManifest.xml:24:13-77
99            android:authorities="com.example.kfa_project.firebaseinitprovider"
99-->[com.google.firebase:firebase-common:21.0.0] AndroidManifest.xml:25:13-72
100            android:directBootAware="true"
100-->[com.google.firebase:firebase-common:21.0.0] AndroidManifest.xml:26:13-43
101            android:exported="false"
101-->[com.google.firebase:firebase-common:21.0.0] AndroidManifest.xml:27:13-37
102            android:initOrder="100" /> <!-- Needs to be explicitly declared on P+ -->
102-->[com.google.firebase:firebase-common:21.0.0] AndroidManifest.xml:28:13-36
103        <uses-library
103-->[com.google.android.gms:play-services-maps:18.2.0] AndroidManifest.xml:39:9-41:40
104            android:name="org.apache.http.legacy"
104-->[com.google.android.gms:play-services-maps:18.2.0] AndroidManifest.xml:40:13-50
105            android:required="false" />
105-->[com.google.android.gms:play-services-maps:18.2.0] AndroidManifest.xml:41:13-37
106
107        <activity
107-->[com.google.android.gms:play-services-base:18.3.0] AndroidManifest.xml:20:9-22:45
108            android:name="com.google.android.gms.common.api.GoogleApiActivity"
108-->[com.google.android.gms:play-services-base:18.3.0] AndroidManifest.xml:20:19-85
109            android:exported="false"
109-->[com.google.android.gms:play-services-base:18.3.0] AndroidManifest.xml:22:19-43
110            android:theme="@android:style/Theme.Translucent.NoTitleBar" />
110-->[com.google.android.gms:play-services-base:18.3.0] AndroidManifest.xml:21:19-78
111
112        <meta-data
112-->[com.google.android.gms:play-services-basement:18.3.0] AndroidManifest.xml:21:9-23:69
113            android:name="com.google.android.gms.version"
113-->[com.google.android.gms:play-services-basement:18.3.0] AndroidManifest.xml:22:13-58
114            android:value="@integer/google_play_services_version" />
114-->[com.google.android.gms:play-services-basement:18.3.0] AndroidManifest.xml:23:13-66
115
116        <provider
116-->[androidx.profileinstaller:profileinstaller:1.3.0] AndroidManifest.xml:24:9-32:20
117            android:name="androidx.startup.InitializationProvider"
117-->[androidx.profileinstaller:profileinstaller:1.3.0] AndroidManifest.xml:25:13-67
118            android:authorities="com.example.kfa_project.androidx-startup"
118-->[androidx.profileinstaller:profileinstaller:1.3.0] AndroidManifest.xml:26:13-68
119            android:exported="false" >
119-->[androidx.profileinstaller:profileinstaller:1.3.0] AndroidManifest.xml:27:13-37
120            <meta-data
120-->[androidx.profileinstaller:profileinstaller:1.3.0] AndroidManifest.xml:29:13-31:52
121                android:name="androidx.profileinstaller.ProfileInstallerInitializer"
121-->[androidx.profileinstaller:profileinstaller:1.3.0] AndroidManifest.xml:30:17-85
122                android:value="androidx.startup" />
122-->[androidx.profileinstaller:profileinstaller:1.3.0] AndroidManifest.xml:31:17-49
123        </provider>
124
125        <receiver
125-->[androidx.profileinstaller:profileinstaller:1.3.0] AndroidManifest.xml:34:9-52:20
126            android:name="androidx.profileinstaller.ProfileInstallReceiver"
126-->[androidx.profileinstaller:profileinstaller:1.3.0] AndroidManifest.xml:35:13-76
127            android:directBootAware="false"
127-->[androidx.profileinstaller:profileinstaller:1.3.0] AndroidManifest.xml:36:13-44
128            android:enabled="true"
128-->[androidx.profileinstaller:profileinstaller:1.3.0] AndroidManifest.xml:37:13-35
129            android:exported="true"
129-->[androidx.profileinstaller:profileinstaller:1.3.0] AndroidManifest.xml:38:13-36
130            android:permission="android.permission.DUMP" >
130-->[androidx.profileinstaller:profileinstaller:1.3.0] AndroidManifest.xml:39:13-57
131            <intent-filter>
131-->[androidx.profileinstaller:profileinstaller:1.3.0] AndroidManifest.xml:40:13-42:29
132                <action android:name="androidx.profileinstaller.action.INSTALL_PROFILE" />
132-->[androidx.profileinstaller:profileinstaller:1.3.0] AndroidManifest.xml:41:17-91
132-->[androidx.profileinstaller:profileinstaller:1.3.0] AndroidManifest.xml:41:25-88
133            </intent-filter>
134            <intent-filter>
134-->[androidx.profileinstaller:profileinstaller:1.3.0] AndroidManifest.xml:43:13-45:29
135                <action android:name="androidx.profileinstaller.action.SKIP_FILE" />
135-->[androidx.profileinstaller:profileinstaller:1.3.0] AndroidManifest.xml:44:17-85
135-->[androidx.profileinstaller:profileinstaller:1.3.0] AndroidManifest.xml:44:25-82
136            </intent-filter>
137            <intent-filter>
137-->[androidx.profileinstaller:profileinstaller:1.3.0] AndroidManifest.xml:46:13-48:29
138                <action android:name="androidx.profileinstaller.action.SAVE_PROFILE" />
138-->[androidx.profileinstaller:profileinstaller:1.3.0] AndroidManifest.xml:47:17-88
138-->[androidx.profileinstaller:profileinstaller:1.3.0] AndroidManifest.xml:47:25-85
139            </intent-filter>
140            <intent-filter>
140-->[androidx.profileinstaller:profileinstaller:1.3.0] AndroidManifest.xml:49:13-51:29
141                <action android:name="androidx.profileinstaller.action.BENCHMARK_OPERATION" />
141-->[androidx.profileinstaller:profileinstaller:1.3.0] AndroidManifest.xml:50:17-95
141-->[androidx.profileinstaller:profileinstaller:1.3.0] AndroidManifest.xml:50:25-92
142            </intent-filter>
143        </receiver>
144    </application>
145
146</manifest>